# JRE version: OpenJDK Runtime Environment (11.0.8+10) (build 11.0.8+10-b944.6842174)
# Java VM: OpenJDK 64-Bit Server VM (11.0.8+10-b944.6842174, mixed mode, tiered, compressed oops, g1 gc, windows-amd64)
Heap:
 garbage-first heap   total 260096K, used 153989K [0x0000000080000000, 0x0000000100000000)
  region size 1024K, 85 young (87040K), 13 survivors (13312K)
 Metaspace       used 80237K, capacity 82457K, committed 82556K, reserved 1120256K
  class space    used 10507K, capacity 11210K, committed 11264K, reserved 1048576K
GC Heap History (18 events):
Event: 1.526 GC heap before
{Heap before GC invocations=0 (full 0):
 garbage-first heap   total 260096K, used 29696K [0x0000000080000000, 0x0000000100000000)
  region size 1024K, 24 young (24576K), 0 survivors (0K)
 Metaspace       used 10666K, capacity 10948K, committed 11264K, reserved 1058816K
  class space    used 1128K, capacity 1200K, committed 1280K, reserved 1048576K
}
Event: 1.534 GC heap after
{Heap after GC invocations=1 (full 0):
 garbage-first heap   total 260096K, used 8817K [0x0000000080000000, 0x0000000100000000)
  region size 1024K, 3 young (3072K), 3 survivors (3072K)
 Metaspace       used 10666K, capacity 10948K, committed 11264K, reserved 1058816K
  class space    used 1128K, capacity 1200K, committed 1280K, reserved 1048576K
}
Event: 4.473 GC heap before
{Heap before GC invocations=1 (full 0):
 garbage-first heap   total 260096K, used 91761K [0x0000000080000000, 0x0000000100000000)
  region size 1024K, 86 young (88064K), 3 survivors (3072K)
 Metaspace       used 20544K, capacity 21135K, committed 21296K, reserved 1069056K
  class space    used 2514K, capacity 2688K, committed 2688K, reserved 1048576K
}
Event: 4.488 GC heap after
{Heap after GC invocations=2 (full 0):
 garbage-first heap   total 260096K, used 16187K [0x0000000080000000, 0x0000000100000000)
  region size 1024K, 11 young (11264K), 11 survivors (11264K)
 Metaspace       used 20544K, capacity 21135K, committed 21296K, reserved 1069056K
  class space    used 2514K, capacity 2688K, committed 2688K, reserved 1048576K
}
Event: 4.952 GC heap before
{Heap before GC invocations=3 (full 0):
 garbage-first heap   total 260096K, used 41787K [0x0000000080000000, 0x0000000100000000)
  region size 1024K, 36 young (36864K), 11 survivors (11264K)
 Metaspace       used 23148K, capacity 23744K, committed 23856K, reserved 1071104K
  class space    used 2958K, capacity 3156K, committed 3200K, reserved 1048576K
}
Event: 4.962 GC heap after
{Heap after GC invocations=4 (full 0):
 garbage-first heap   total 260096K, used 17377K [0x0000000080000000, 0x0000000100000000)
  region size 1024K, 2 young (2048K), 2 survivors (2048K)
 Metaspace       used 23148K, capacity 23744K, committed 23856K, reserved 1071104K
  class space    used 2958K, capacity 3156K, committed 3200K, reserved 1048576K
}
Event: 7.021 GC heap before
{Heap before GC invocations=4 (full 0):
 garbage-first heap   total 260096K, used 107489K [0x0000000080000000, 0x0000000100000000)
  region size 1024K, 82 young (83968K), 2 survivors (2048K)
 Metaspace       used 34761K, capacity 35673K, committed 35708K, reserved 1081344K
  class space    used 4518K, capacity 4858K, committed 4864K, reserved 1048576K
}
Event: 7.038 GC heap after
{Heap after GC invocations=5 (full 0):
 garbage-first heap   total 260096K, used 33489K [0x0000000080000000, 0x0000000100000000)
  region size 1024K, 9 young (9216K), 9 survivors (9216K)
 Metaspace       used 34761K, capacity 35673K, committed 35708K, reserved 1081344K
  class space    used 4518K, capacity 4858K, committed 4864K, reserved 1048576K
}
Event: 10.155 GC heap before
{Heap before GC invocations=6 (full 0):
 garbage-first heap   total 260096K, used 149201K [0x0000000080000000, 0x0000000100000000)
  region size 1024K, 112 young (114688K), 9 survivors (9216K)
 Metaspace       used 44295K, capacity 45626K, committed 45692K, reserved 1089536K
  class space    used 5694K, capacity 6121K, committed 6144K, reserved 1048576K
}
Event: 10.180 GC heap after
{Heap after GC invocations=7 (full 0):
 garbage-first heap   total 260096K, used 48478K [0x0000000080000000, 0x0000000100000000)
  region size 1024K, 14 young (14336K), 14 survivors (14336K)
 Metaspace       used 44295K, capacity 45626K, committed 45692K, reserved 1089536K
  class space    used 5694K, capacity 6121K, committed 6144K, reserved 1048576K
}
Event: 13.379 GC heap before
{Heap before GC invocations=7 (full 0):
 garbage-first heap   total 260096K, used 195934K [0x0000000080000000, 0x0000000100000000)
  region size 1024K, 152 young (155648K), 14 survivors (14336K)
 Metaspace       used 56582K, capacity 58309K, committed 58364K, reserved 1099776K
  class space    used 7239K, capacity 7759K, committed 7808K, reserved 1048576K
}
Event: 13.403 GC heap after
{Heap after GC invocations=8 (full 0):
 garbage-first heap   total 260096K, used 67518K [0x0000000080000000, 0x0000000100000000)
  region size 1024K, 19 young (19456K), 19 survivors (19456K)
 Metaspace       used 56582K, capacity 58309K, committed 58364K, reserved 1099776K
  class space    used 7239K, capacity 7759K, committed 7808K, reserved 1048576K
}
Event: 13.691 GC heap before
{Heap before GC invocations=8 (full 0):
 garbage-first heap   total 260096K, used 82878K [0x0000000080000000, 0x0000000100000000)
  region size 1024K, 35 young (35840K), 19 survivors (19456K)
 Metaspace       used 58023K, capacity 59764K, committed 59900K, reserved 1101824K
  class space    used 7413K, capacity 7967K, committed 8064K, reserved 1048576K
}
Event: 13.731 GC heap after
{Heap after GC invocations=9 (full 0):
 garbage-first heap   total 260096K, used 70490K [0x0000000080000000, 0x0000000100000000)
  region size 1024K, 4 young (4096K), 4 survivors (4096K)
 Metaspace       used 58023K, capacity 59764K, committed 59900K, reserved 1101824K
  class space    used 7413K, capacity 7967K, committed 8064K, reserved 1048576K
}
Event: 15.802 GC heap before
{Heap before GC invocations=10 (full 0):
 garbage-first heap   total 260096K, used 163674K [0x0000000080000000, 0x0000000100000000)
  region size 1024K, 95 young (97280K), 4 survivors (4096K)
 Metaspace       used 65904K, capacity 67692K, committed 67836K, reserved 1107968K
  class space    used 8442K, capacity 9020K, committed 9088K, reserved 1048576K
}
Event: 15.814 GC heap after
{Heap after GC invocations=11 (full 0):
 garbage-first heap   total 260096K, used 75862K [0x0000000080000000, 0x0000000100000000)
  region size 1024K, 9 young (9216K), 9 survivors (9216K)
 Metaspace       used 65904K, capacity 67692K, committed 67836K, reserved 1107968K
  class space    used 8442K, capacity 9020K, committed 9088K, reserved 1048576K
}
Event: 18.058 GC heap before
{Heap before GC invocations=11 (full 0):
 garbage-first heap   total 260096K, used 172118K [0x0000000080000000, 0x0000000100000000)
  region size 1024K, 104 young (106496K), 9 survivors (9216K)
 Metaspace       used 74818K, capacity 76851K, committed 77052K, reserved 1116160K
  class space    used 9658K, capacity 10345K, committed 10368K, reserved 1048576K
}
Event: 18.077 GC heap after
{Heap after GC invocations=12 (full 0):
 garbage-first heap   total 260096K, used 82309K [0x0000000080000000, 0x0000000100000000)
  region size 1024K, 13 young (13312K), 13 survivors (13312K)
 Metaspace       used 74818K, capacity 76851K, committed 77052K, reserved 1116160K
  class space    used 9658K, capacity 10345K, committed 10368K, reserved 1048576K
}

