# JRE version: OpenJDK Runtime Environment (11.0.8+10) (build 11.0.8+10-b944.6842174)
# Java VM: OpenJDK 64-Bit Server VM (11.0.8+10-b944.6842174, mixed mode, tiered, compressed oops, g1 gc, windows-amd64)
Heap:
 garbage-first heap   total 270336K, used 222711K [0x00000000a0000000, 0x0000000100000000)
  region size 1024K, 107 young (109568K), 2 survivors (2048K)
 Metaspace       used 153123K, capacity 157445K, committed 157696K, reserved 1187840K
  class space    used 18035K, capacity 19449K, committed 19456K, reserved 1048576K
GC Heap History (20 events):
Event: 999.877 GC heap before
{Heap before GC invocations=84 (full 0):
 garbage-first heap   total 270336K, used 214021K [0x00000000a0000000, 0x0000000100000000)
  region size 1024K, 106 young (108544K), 1 survivors (1024K)
 Metaspace       used 131492K, capacity 135080K, committed 135168K, reserved 1167360K
  class space    used 15385K, capacity 16563K, committed 16640K, reserved 1048576K
}
Event: 999.879 GC heap after
{Heap after GC invocations=85 (full 0):
 garbage-first heap   total 270336K, used 109147K [0x00000000a0000000, 0x0000000100000000)
  region size 1024K, 3 young (3072K), 3 survivors (3072K)
 Metaspace       used 131492K, capacity 135080K, committed 135168K, reserved 1167360K
  class space    used 15385K, capacity 16563K, committed 16640K, reserved 1048576K
}
Event: 1005.161 GC heap before
{Heap before GC invocations=85 (full 0):
 garbage-first heap   total 270336K, used 216667K [0x00000000a0000000, 0x0000000100000000)
  region size 1024K, 109 young (111616K), 3 survivors (3072K)
 Metaspace       used 136897K, capacity 140874K, committed 141056K, reserved 1173504K
  class space    used 16023K, capacity 17323K, committed 17408K, reserved 1048576K
}
Event: 1005.174 GC heap after
{Heap after GC invocations=86 (full 0):
 garbage-first heap   total 270336K, used 112926K [0x00000000a0000000, 0x0000000100000000)
  region size 1024K, 7 young (7168K), 7 survivors (7168K)
 Metaspace       used 136897K, capacity 140874K, committed 141056K, reserved 1173504K
  class space    used 16023K, capacity 17323K, committed 17408K, reserved 1048576K
}
Event: 1007.130 GC heap before
{Heap before GC invocations=87 (full 0):
 garbage-first heap   total 270336K, used 220446K [0x00000000a0000000, 0x0000000100000000)
  region size 1024K, 112 young (114688K), 7 survivors (7168K)
 Metaspace       used 146050K, capacity 150400K, committed 150528K, reserved 1181696K
  class space    used 17391K, capacity 18848K, committed 18944K, reserved 1048576K
}
Event: 1007.140 GC heap after
{Heap after GC invocations=88 (full 0):
 garbage-first heap   total 270336K, used 117548K [0x00000000a0000000, 0x0000000100000000)
  region size 1024K, 12 young (12288K), 12 survivors (12288K)
 Metaspace       used 146050K, capacity 150400K, committed 150528K, reserved 1181696K
  class space    used 17391K, capacity 18848K, committed 18944K, reserved 1048576K
}
Event: 1007.167 GC heap before
{Heap before GC invocations=88 (full 0):
 garbage-first heap   total 270336K, used 118572K [0x00000000a0000000, 0x0000000100000000)
  region size 1024K, 13 young (13312K), 12 survivors (12288K)
 Metaspace       used 146224K, capacity 150528K, committed 150784K, reserved 1181696K
  class space    used 17412K, capacity 18848K, committed 18944K, reserved 1048576K
}
Event: 1007.183 GC heap after
{Heap after GC invocations=89 (full 0):
 garbage-first heap   total 270336K, used 111693K [0x00000000a0000000, 0x0000000100000000)
  region size 1024K, 2 young (2048K), 2 survivors (2048K)
 Metaspace       used 146224K, capacity 150528K, committed 150784K, reserved 1181696K
  class space    used 17412K, capacity 18848K, committed 18944K, reserved 1048576K
}
Event: 1030.129 GC heap before
{Heap before GC invocations=89 (full 0):
 garbage-first heap   total 270336K, used 219213K [0x00000000a0000000, 0x0000000100000000)
  region size 1024K, 108 young (110592K), 2 survivors (2048K)
 Metaspace       used 147946K, capacity 152349K, committed 152448K, reserved 1183744K
  class space    used 17622K, capacity 19063K, committed 19072K, reserved 1048576K
}
Event: 1030.135 GC heap after
{Heap after GC invocations=90 (full 0):
 garbage-first heap   total 270336K, used 114289K [0x00000000a0000000, 0x0000000100000000)
  region size 1024K, 5 young (5120K), 5 survivors (5120K)
 Metaspace       used 147946K, capacity 152349K, committed 152448K, reserved 1183744K
  class space    used 17622K, capacity 19063K, committed 19072K, reserved 1048576K
}
Event: 1042.472 GC heap before
{Heap before GC invocations=91 (full 0):
 garbage-first heap   total 270336K, used 221809K [0x00000000a0000000, 0x0000000100000000)
  region size 1024K, 111 young (113664K), 5 survivors (5120K)
 Metaspace       used 148308K, capacity 152473K, committed 152704K, reserved 1183744K
  class space    used 17639K, capacity 18997K, committed 19072K, reserved 1048576K
}
Event: 1042.477 GC heap after
{Heap after GC invocations=92 (full 0):
 garbage-first heap   total 270336K, used 117314K [0x00000000a0000000, 0x0000000100000000)
  region size 1024K, 7 young (7168K), 7 survivors (7168K)
 Metaspace       used 148308K, capacity 152473K, committed 152704K, reserved 1183744K
  class space    used 17639K, capacity 18997K, committed 19072K, reserved 1048576K
}
Event: 1044.424 GC heap before
{Heap before GC invocations=92 (full 0):
 garbage-first heap   total 270336K, used 123458K [0x00000000a0000000, 0x0000000100000000)
  region size 1024K, 13 young (13312K), 7 survivors (7168K)
 Metaspace       used 148484K, capacity 152750K, committed 152960K, reserved 1183744K
  class space    used 17677K, capacity 19066K, committed 19072K, reserved 1048576K
}
Event: 1044.428 GC heap after
{Heap after GC invocations=93 (full 0):
 garbage-first heap   total 270336K, used 117112K [0x00000000a0000000, 0x0000000100000000)
  region size 1024K, 2 young (2048K), 2 survivors (2048K)
 Metaspace       used 148484K, capacity 152750K, committed 152960K, reserved 1183744K
  class space    used 17677K, capacity 19066K, committed 19072K, reserved 1048576K
}
Event: 1044.606 GC heap before
{Heap before GC invocations=93 (full 0):
 garbage-first heap   total 270336K, used 120184K [0x00000000a0000000, 0x0000000100000000)
  region size 1024K, 6 young (6144K), 2 survivors (2048K)
 Metaspace       used 148574K, capacity 152814K, committed 152960K, reserved 1183744K
  class space    used 17683K, capacity 19066K, committed 19072K, reserved 1048576K
}
Event: 1044.608 GC heap after
{Heap after GC invocations=94 (full 0):
 garbage-first heap   total 270336K, used 116496K [0x00000000a0000000, 0x0000000100000000)
  region size 1024K, 1 young (1024K), 1 survivors (1024K)
 Metaspace       used 148574K, capacity 152814K, committed 152960K, reserved 1183744K
  class space    used 17683K, capacity 19066K, committed 19072K, reserved 1048576K
}
Event: 1045.099 GC heap before
{Heap before GC invocations=95 (full 0):
 garbage-first heap   total 270336K, used 227088K [0x00000000a0000000, 0x0000000100000000)
  region size 1024K, 107 young (109568K), 1 survivors (1024K)
 Metaspace       used 149081K, capacity 153358K, committed 153600K, reserved 1183744K
  class space    used 17709K, capacity 19098K, committed 19200K, reserved 1048576K
}
Event: 1045.102 GC heap after
{Heap after GC invocations=96 (full 0):
 garbage-first heap   total 270336K, used 121753K [0x00000000a0000000, 0x0000000100000000)
  region size 1024K, 4 young (4096K), 4 survivors (4096K)
 Metaspace       used 149081K, capacity 153358K, committed 153600K, reserved 1183744K
  class space    used 17709K, capacity 19098K, committed 19200K, reserved 1048576K
}
Event: 1045.435 GC heap before
{Heap before GC invocations=96 (full 0):
 garbage-first heap   total 270336K, used 227225K [0x00000000a0000000, 0x0000000100000000)
  region size 1024K, 107 young (109568K), 4 survivors (4096K)
 Metaspace       used 149261K, capacity 153531K, committed 153600K, reserved 1183744K
  class space    used 17739K, capacity 19133K, committed 19200K, reserved 1048576K
}
Event: 1045.438 GC heap after
{Heap after GC invocations=97 (full 0):
 garbage-first heap   total 270336K, used 117239K [0x00000000a0000000, 0x0000000100000000)
  region size 1024K, 2 young (2048K), 2 survivors (2048K)
 Metaspace       used 149261K, capacity 153531K, committed 153600K, reserved 1183744K
  class space    used 17739K, capacity 19133K, committed 19200K, reserved 1048576K
}

